[     385ms] [INFO] %cDownload the React DevTools for a better development experience: https://react.dev/link/react-devtools font-weight:bold @ http://localhost:3000/_next/static/chunks/node_modules_next_dist_f3530cac._.js:2297
[     434ms] [LOG] [HMR] connected @ http://localhost:3000/_next/static/chunks/node_modules_next_dist_f3530cac._.js:2297
[     562ms] [LOG] %c[Vercel Web Analytics]%c Debug mode is enabled by default in development. No requests will be sent to the server. color: rgb(120, 120, 120) color: inherit @ http://localhost:3000/_next/static/chunks/node_modules_next_dist_f3530cac._.js:2297
[     562ms] [LOG] %c[Vercel Web Analytics]%c Running queued event color: rgb(120, 120, 120) color: inherit pageview {route: /examples/[slug], path: /examples/deckgl-hexagon} @ http://localhost:3000/_next/static/chunks/node_modules_next_dist_f3530cac._.js:2297
[     563ms] [LOG] %c[Vercel Web Analytics]%c [view] http://localhost:3000/examples/deckgl-hexagon color: rgb(120, 120, 120) color: inherit {o: http://localhost:3000/examples/deckgl-hexagon, sv: 0.1.3, sdkn: @vercel/analytics/next, sdkv: 1.6.1, ts: 1778684946686} /_vercel/insights/view @ http://localhost:3000/_next/static/chunks/node_modules_next_dist_f3530cac._.js:2297
[  100801ms] [INFO] %cDownload the React DevTools for a better development experience: https://react.dev/link/react-devtools font-weight:bold @ http://localhost:3000/_next/static/chunks/node_modules_next_dist_f3530cac._.js:2297
[  100814ms] [LOG] [HMR] connected @ http://localhost:3000/_next/static/chunks/node_modules_next_dist_f3530cac._.js:2297
[  100941ms] [LOG] %c[Vercel Web Analytics]%c Debug mode is enabled by default in development. No requests will be sent to the server. color: rgb(120, 120, 120) color: inherit @ http://localhost:3000/_next/static/chunks/node_modules_next_dist_f3530cac._.js:2297
[  100942ms] [LOG] %c[Vercel Web Analytics]%c Running queued event color: rgb(120, 120, 120) color: inherit pageview {route: /examples/[slug], path: /examples/deckgl-hexagon} @ http://localhost:3000/_next/static/chunks/node_modules_next_dist_f3530cac._.js:2297
[  100942ms] [LOG] %c[Vercel Web Analytics]%c [view] http://localhost:3000/examples/deckgl-hexagon color: rgb(120, 120, 120) color: inherit {o: http://localhost:3000/examples/deckgl-hexagon, sv: 0.1.3, sdkn: @vercel/analytics/next, sdkv: 1.6.1, ts: 1778685047065} /_vercel/insights/view @ http://localhost:3000/_next/static/chunks/node_modules_next_dist_f3530cac._.js:2297
[  102448ms] [INFO] %cDownload the React DevTools for a better development experience: https://react.dev/link/react-devtools font-weight:bold @ http://localhost:3000/_next/static/chunks/node_modules_next_dist_f3530cac._.js:2297
[  102462ms] [LOG] [HMR] connected @ http://localhost:3000/_next/static/chunks/node_modules_next_dist_f3530cac._.js:2297
[  102548ms] [LOG] %c[Vercel Web Analytics]%c Debug mode is enabled by default in development. No requests will be sent to the server. color: rgb(120, 120, 120) color: inherit @ http://localhost:3000/_next/static/chunks/node_modules_next_dist_f3530cac._.js:2297
[  102548ms] [LOG] %c[Vercel Web Analytics]%c Running queued event color: rgb(120, 120, 120) color: inherit pageview {route: /examples/[slug], path: /examples/deckgl-hexagon} @ http://localhost:3000/_next/static/chunks/node_modules_next_dist_f3530cac._.js:2297
[  102548ms] [LOG] %c[Vercel Web Analytics]%c [view] http://localhost:3000/examples/deckgl-hexagon color: rgb(120, 120, 120) color: inherit {o: http://localhost:3000/examples/deckgl-hexagon, sv: 0.1.3, sdkn: @vercel/analytics/next, sdkv: 1.6.1, ts: 1778685048671} /_vercel/insights/view @ http://localhost:3000/_next/static/chunks/node_modules_next_dist_f3530cac._.js:2297
[  105459ms] [LOG] %c[Vercel Web Analytics]%c [view] http://localhost:3000/ color: rgb(120, 120, 120) color: inherit {o: http://localhost:3000/, sv: 0.1.3, sdkn: @vercel/analytics/next, sdkv: 1.6.1, ts: 1778685051543} /_vercel/insights/view @ http://localhost:3000/_next/static/chunks/node_modules_next_dist_f3530cac._.js:2297
[  106383ms] [LOG] %c[Vercel Web Analytics]%c [view] http://localhost:3000/examples color: rgb(120, 120, 120) color: inherit {o: http://localhost:3000/examples, sv: 0.1.3, sdkn: @vercel/analytics/next, sdkv: 1.6.1, ts: 1778685052501} /_vercel/insights/view @ http://localhost:3000/_next/static/chunks/node_modules_next_dist_f3530cac._.js:2297
[  106897ms] [ERROR] Access to fetch at 'https://tiles.basemaps.cartocdn.com/fonts/Open%20Sans/0-255.pbf' from origin 'http://localhost:3000' has been blocked by CORS policy: No 'Access-Control-Allow-Origin' header is present on the requested resource. @ http://localhost:3000/examples:0
[  106897ms] [ERROR] Failed to load resource: net::ERR_FAILED @ https://tiles.basemaps.cartocdn.com/fonts/Open%20Sans/0-255.pbf:0
[  106902ms] [WARNING] Unable to load glyph range 0, 0-255. Rendering codepoint U+0031 locally instead. Error: AJAXError: Failed to fetch (0): https://tiles.basemaps.cartocdn.com/fonts/Open Sans/0-255.pbf @ http://localhost:3000/_next/static/chunks/node_modules_next_dist_f3530cac._.js:2297
[  106902ms] [WARNING] Unable to load glyph range 0, 0-255. Rendering codepoint U+0032 locally instead. Error: AJAXError: Failed to fetch (0): https://tiles.basemaps.cartocdn.com/fonts/Open Sans/0-255.pbf @ http://localhost:3000/_next/static/chunks/node_modules_next_dist_f3530cac._.js:2297
[  106902ms] [WARNING] Unable to load glyph range 0, 0-255. Rendering codepoint U+0033 locally instead. Error: AJAXError: Failed to fetch (0): https://tiles.basemaps.cartocdn.com/fonts/Open Sans/0-255.pbf @ http://localhost:3000/_next/static/chunks/node_modules_next_dist_f3530cac._.js:2297
[  106903ms] [WARNING] Unable to load glyph range 0, 0-255. Rendering codepoint U+0034 locally instead. Error: AJAXError: Failed to fetch (0): https://tiles.basemaps.cartocdn.com/fonts/Open Sans/0-255.pbf @ http://localhost:3000/_next/static/chunks/node_modules_next_dist_f3530cac._.js:2297
[  106903ms] [WARNING] Unable to load glyph range 0, 0-255. Rendering codepoint U+0035 locally instead. Error: AJAXError: Failed to fetch (0): https://tiles.basemaps.cartocdn.com/fonts/Open Sans/0-255.pbf @ http://localhost:3000/_next/static/chunks/node_modules_next_dist_f3530cac._.js:2297
[  106903ms] [WARNING] Unable to load glyph range 0, 0-255. Rendering codepoint U+0036 locally instead. Error: AJAXError: Failed to fetch (0): https://tiles.basemaps.cartocdn.com/fonts/Open Sans/0-255.pbf @ http://localhost:3000/_next/static/chunks/node_modules_next_dist_f3530cac._.js:2297
[  106903ms] [WARNING] Unable to load glyph range 0, 0-255. Rendering codepoint U+0037 locally instead. Error: AJAXError: Failed to fetch (0): https://tiles.basemaps.cartocdn.com/fonts/Open Sans/0-255.pbf @ http://localhost:3000/_next/static/chunks/node_modules_next_dist_f3530cac._.js:2297
[  106903ms] [WARNING] Unable to load glyph range 0, 0-255. Rendering codepoint U+0038 locally instead. Error: AJAXError: Failed to fetch (0): https://tiles.basemaps.cartocdn.com/fonts/Open Sans/0-255.pbf @ http://localhost:3000/_next/static/chunks/node_modules_next_dist_f3530cac._.js:2297
[  106903ms] [WARNING] Unable to load glyph range 0, 0-255. Rendering codepoint U+0039 locally instead. Error: AJAXError: Failed to fetch (0): https://tiles.basemaps.cartocdn.com/fonts/Open Sans/0-255.pbf @ http://localhost:3000/_next/static/chunks/node_modules_next_dist_f3530cac._.js:2297
[  106904ms] [WARNING] Unable to load glyph range 0, 0-255. Rendering codepoint U+0030 locally instead. Error: AJAXError: Failed to fetch (0): https://tiles.basemaps.cartocdn.com/fonts/Open Sans/0-255.pbf @ http://localhost:3000/_next/static/chunks/node_modules_next_dist_f3530cac._.js:2297
[  117839ms] [WARNING] WARNING: Too many active WebGL contexts. Oldest context will be lost. @ http://localhost:3000/_next/static/chunks/node_modules_%40luma_gl_webgl_dist_4dee8f14._.js:1469
[  118389ms] [WARNING] WARNING: Too many active WebGL contexts. Oldest context will be lost. @ http://localhost:3000/_next/static/chunks/node_modules_%40luma_gl_webgl_dist_4dee8f14._.js:1469
[  119077ms] [LOG] %c[Vercel Web Analytics]%c [view] http://localhost:3000/examples/deckgl-geojson color: rgb(120, 120, 120) color: inherit {o: http://localhost:3000/examples/deckgl-geojson, sv: 0.1.3, sdkn: @vercel/analytics/next, sdkv: 1.6.1, ts: 1778685065191} /_vercel/insights/view @ http://localhost:3000/_next/static/chunks/node_modules_next_dist_f3530cac._.js:2297
[  157886ms] [LOG] [Fast Refresh] rebuilding @ http://localhost:3000/_next/static/chunks/node_modules_next_dist_f3530cac._.js:2297
[  157985ms] [LOG] [Fast Refresh] done in 178ms @ http://localhost:3000/_next/static/chunks/node_modules_next_dist_f3530cac._.js:2297
[  279392ms] [WARNING] WARNING: Too many active WebGL contexts. Oldest context will be lost. @ http://localhost:3000/_next/static/chunks/node_modules_maplibre-gl_dist_maplibre-gl_e7d43c05.js:35782
[  279398ms] [WARNING] WARNING: Too many active WebGL contexts. Oldest context will be lost. @ http://localhost:3000/_next/static/chunks/node_modules_maplibre-gl_dist_maplibre-gl_e7d43c05.js:35782
[  279403ms] [WARNING] WARNING: Too many active WebGL contexts. Oldest context will be lost. @ http://localhost:3000/_next/static/chunks/node_modules_maplibre-gl_dist_maplibre-gl_e7d43c05.js:35782
[  279445ms] [LOG] %c[Vercel Web Analytics]%c [view] http://localhost:3000/ color: rgb(120, 120, 120) color: inherit {o: http://localhost:3000/, sv: 0.1.3, sdkn: @vercel/analytics/next, sdkv: 1.6.1, ts: 1778685225530} /_vercel/insights/view @ http://localhost:3000/_next/static/chunks/node_modules_next_dist_f3530cac._.js:2297
[  280259ms] [LOG] [Fast Refresh] rebuilding @ http://localhost:3000/_next/static/chunks/node_modules_next_dist_f3530cac._.js:2297
[  280314ms] [LOG] [Fast Refresh] done in 156ms @ http://localhost:3000/_next/static/chunks/node_modules_next_dist_f3530cac._.js:2297
[  280533ms] [LOG] %c[Vercel Web Analytics]%c [view] http://localhost:3000/docs/basic-map color: rgb(120, 120, 120) color: inherit {o: http://localhost:3000/docs/basic-map, sv: 0.1.3, sdkn: @vercel/analytics/next, sdkv: 1.6.1, ts: 1778685226640} /_vercel/insights/view @ http://localhost:3000/_next/static/chunks/node_modules_next_dist_f3530cac._.js:2297
[  280964ms] [LOG] %c[Vercel Web Analytics]%c [view] http://localhost:3000/examples color: rgb(120, 120, 120) color: inherit {o: http://localhost:3000/examples, sv: 0.1.3, sdkn: @vercel/analytics/next, sdkv: 1.6.1, ts: 1778685227084} /_vercel/insights/view @ http://localhost:3000/_next/static/chunks/node_modules_next_dist_f3530cac._.js:2297
[  281358ms] [ERROR] Access to fetch at 'https://tiles.basemaps.cartocdn.com/fonts/Open%20Sans/0-255.pbf' from origin 'http://localhost:3000' has been blocked by CORS policy: No 'Access-Control-Allow-Origin' header is present on the requested resource. @ http://localhost:3000/examples:0
[  281358ms] [ERROR] Failed to load resource: net::ERR_FAILED @ https://tiles.basemaps.cartocdn.com/fonts/Open%20Sans/0-255.pbf:0
[  293643ms] [WARNING] WARNING: Too many active WebGL contexts. Oldest context will be lost. @ http://localhost:3000/_next/static/chunks/node_modules_maplibre-gl_dist_maplibre-gl_e7d43c05.js:35782
[  296626ms] [WARNING] WARNING: Too many active WebGL contexts. Oldest context will be lost. @ http://localhost:3000/_next/static/chunks/node_modules_%40luma_gl_webgl_dist_4dee8f14._.js:1469
[  296672ms] [WARNING] WARNING: Too many active WebGL contexts. Oldest context will be lost. @ http://localhost:3000/_next/static/chunks/node_modules_%40luma_gl_webgl_dist_4dee8f14._.js:1469
[  296703ms] [WARNING] WARNING: Too many active WebGL contexts. Oldest context will be lost. @ http://localhost:3000/_next/static/chunks/node_modules_%40luma_gl_webgl_dist_4dee8f14._.js:1469
[  296902ms] [WARNING] WARNING: Too many active WebGL contexts. Oldest context will be lost. @ http://localhost:3000/_next/static/chunks/node_modules_%40luma_gl_webgl_dist_4dee8f14._.js:1469
[  297202ms] [WARNING] WARNING: Too many active WebGL contexts. Oldest context will be lost. @ http://localhost:3000/_next/static/chunks/node_modules_%40luma_gl_webgl_dist_4dee8f14._.js:1469
[  297502ms] [WARNING] WARNING: Too many active WebGL contexts. Oldest context will be lost. @ http://localhost:3000/_next/static/chunks/node_modules_%40luma_gl_webgl_dist_4dee8f14._.js:1469
[  297803ms] [WARNING] WARNING: Too many active WebGL contexts. Oldest context will be lost. @ http://localhost:3000/_next/static/chunks/node_modules_%40luma_gl_webgl_dist_4dee8f14._.js:1469
[  298102ms] [WARNING] WARNING: Too many active WebGL contexts. Oldest context will be lost. @ http://localhost:3000/_next/static/chunks/node_modules_%40luma_gl_webgl_dist_4dee8f14._.js:1469
[  298478ms] [WARNING] WARNING: Too many active WebGL contexts. Oldest context will be lost. @ http://localhost:3000/_next/static/chunks/node_modules_maplibre-gl_dist_maplibre-gl_e7d43c05.js:35782
[  298605ms] [WARNING] WARNING: Too many active WebGL contexts. Oldest context will be lost. @ http://localhost:3000/_next/static/chunks/node_modules_%40luma_gl_webgl_dist_4dee8f14._.js:1469
[  298765ms] [WARNING] WARNING: Too many active WebGL contexts. Oldest context will be lost. @ http://localhost:3000/_next/static/chunks/node_modules_%40luma_gl_webgl_dist_4dee8f14._.js:1469
[  299071ms] [WARNING] WARNING: Too many active WebGL contexts. Oldest context will be lost. @ http://localhost:3000/_next/static/chunks/node_modules_%40luma_gl_webgl_dist_4dee8f14._.js:1469
[  299372ms] [WARNING] There is no style added to the map. @ http://localhost:3000/_next/static/chunks/node_modules_next_dist_f3530cac._.js:2297
[  299725ms] [WARNING] WARNING: Too many active WebGL contexts. Oldest context will be lost. @ http://localhost:3000/_next/static/chunks/node_modules_maplibre-gl_dist_maplibre-gl_e7d43c05.js:35782
[  299733ms] [WARNING] WARNING: Too many active WebGL contexts. Oldest context will be lost. @ http://localhost:3000/_next/static/chunks/node_modules_maplibre-gl_dist_maplibre-gl_e7d43c05.js:35782
[  300718ms] [WARNING] WARNING: Too many active WebGL contexts. Oldest context will be lost. @ http://localhost:3000/_next/static/chunks/node_modules_maplibre-gl_dist_maplibre-gl_e7d43c05.js:35782
[  301092ms] [WARNING] WARNING: Too many active WebGL contexts. Oldest context will be lost. @ http://localhost:3000/examples:0
[  301094ms] [WARNING] WARNING: Too many active WebGL contexts. Oldest context will be lost. @ http://localhost:3000/examples:0
[  301744ms] [WARNING] WARNING: Too many active WebGL contexts. Oldest context will be lost. @ http://localhost:3000/_next/static/chunks/node_modules_maplibre-gl_dist_maplibre-gl_e7d43c05.js:35782
[  301885ms] [WARNING] WARNING: Too many active WebGL contexts. Oldest context will be lost. @ http://localhost:3000/_next/static/chunks/node_modules_%40luma_gl_webgl_dist_4dee8f14._.js:1469
[  302811ms] [WARNING] WARNING: Too many active WebGL contexts. Oldest context will be lost. @ http://localhost:3000/_next/static/chunks/node_modules_%40luma_gl_webgl_dist_4dee8f14._.js:1469
[  302817ms] [WARNING] WARNING: Too many active WebGL contexts. Oldest context will be lost. @ http://localhost:3000/_next/static/chunks/node_modules_%40luma_gl_webgl_dist_4dee8f14._.js:1469
[  302879ms] [WARNING] WARNING: Too many active WebGL contexts. Oldest context will be lost. @ http://localhost:3000/_next/static/chunks/node_modules_%40luma_gl_webgl_dist_4dee8f14._.js:1469
[  303008ms] [WARNING] WARNING: Too many active WebGL contexts. Oldest context will be lost. @ http://localhost:3000/_next/static/chunks/node_modules_%40luma_gl_webgl_dist_4dee8f14._.js:1469
[  303015ms] [WARNING] WARNING: Too many active WebGL contexts. Oldest context will be lost. @ http://localhost:3000/_next/static/chunks/node_modules_%40luma_gl_webgl_dist_4dee8f14._.js:1469
[  303909ms] [WARNING] WARNING: Too many active WebGL contexts. Oldest context will be lost. @ http://localhost:3000/_next/static/chunks/node_modules_%40luma_gl_webgl_dist_4dee8f14._.js:1469
[  303992ms] [WARNING] WARNING: Too many active WebGL contexts. Oldest context will be lost. @ http://localhost:3000/_next/static/chunks/node_modules_%40luma_gl_webgl_dist_4dee8f14._.js:1469
[  304022ms] [WARNING] WARNING: Too many active WebGL contexts. Oldest context will be lost. @ http://localhost:3000/_next/static/chunks/node_modules_%40luma_gl_webgl_dist_4dee8f14._.js:1469
[  304121ms] [WARNING] WARNING: Too many active WebGL contexts. Oldest context will be lost. @ http://localhost:3000/_next/static/chunks/node_modules_%40luma_gl_webgl_dist_4dee8f14._.js:1469
[  304128ms] [WARNING] WARNING: Too many active WebGL contexts. Oldest context will be lost. @ http://localhost:3000/_next/static/chunks/node_modules_%40luma_gl_webgl_dist_4dee8f14._.js:1469
[  304134ms] [WARNING] WARNING: Too many active WebGL contexts. Oldest context will be lost. @ http://localhost:3000/_next/static/chunks/node_modules_%40luma_gl_webgl_dist_4dee8f14._.js:1469
[  308828ms] [WARNING] WARNING: Too many active WebGL contexts. Oldest context will be lost. @ http://localhost:3000/_next/static/chunks/node_modules_maplibre-gl_dist_maplibre-gl_e7d43c05.js:35782
[  312599ms] [LOG] %c[Vercel Web Analytics]%c [view] http://localhost:3000/examples/isochrone color: rgb(120, 120, 120) color: inherit {o: http://localhost:3000/examples/isochrone, sv: 0.1.3, sdkn: @vercel/analytics/next, sdkv: 1.6.1, ts: 1778685258711} /_vercel/insights/view @ http://localhost:3000/_next/static/chunks/node_modules_next_dist_f3530cac._.js:2297
[  398630ms] [LOG] [Fast Refresh] rebuilding @ http://localhost:3000/_next/static/chunks/node_modules_next_dist_f3530cac._.js:2297
[  398675ms] [LOG] [Fast Refresh] done in 71ms @ http://localhost:3000/_next/static/chunks/node_modules_next_dist_f3530cac._.js:2297
[  438773ms] [LOG] %c[Vercel Web Analytics]%c [view] http://localhost:3000/ color: rgb(120, 120, 120) color: inherit {o: http://localhost:3000/, sv: 0.1.3, sdkn: @vercel/analytics/next, sdkv: 1.6.1, ts: 1778685384857} /_vercel/insights/view @ http://localhost:3000/_next/static/chunks/node_modules_next_dist_f3530cac._.js:2297
[  441330ms] [LOG] %c[Vercel Web Analytics]%c [view] http://localhost:3000/examples color: rgb(120, 120, 120) color: inherit {o: http://localhost:3000/examples, sv: 0.1.3, sdkn: @vercel/analytics/next, sdkv: 1.6.1, ts: 1778685387450} /_vercel/insights/view @ http://localhost:3000/_next/static/chunks/node_modules_next_dist_f3530cac._.js:2297
[  441750ms] [ERROR] Access to fetch at 'https://tiles.basemaps.cartocdn.com/fonts/Open%20Sans/0-255.pbf' from origin 'http://localhost:3000' has been blocked by CORS policy: No 'Access-Control-Allow-Origin' header is present on the requested resource. @ http://localhost:3000/examples:0
[  441750ms] [ERROR] Failed to load resource: net::ERR_FAILED @ https://tiles.basemaps.cartocdn.com/fonts/Open%20Sans/0-255.pbf:0
[  453725ms] [WARNING] WARNING: Too many active WebGL contexts. Oldest context will be lost. @ http://localhost:3000/_next/static/chunks/node_modules_%40luma_gl_webgl_dist_4dee8f14._.js:1469
[  455213ms] [LOG] %c[Vercel Web Analytics]%c [view] http://localhost:3000/examples/lidar-copc color: rgb(120, 120, 120) color: inherit {o: http://localhost:3000/examples/lidar-copc, sv: 0.1.3, sdkn: @vercel/analytics/next, sdkv: 1.6.1, ts: 1778685401327} /_vercel/insights/view @ http://localhost:3000/_next/static/chunks/node_modules_next_dist_f3530cac._.js:2297
[ 2799864ms] [LOG] [Fast Refresh] rebuilding @ http://localhost:3000/_next/static/chunks/node_modules_next_dist_f3530cac._.js:2297
[ 2799894ms] [LOG] [Fast Refresh] done in 97ms @ http://localhost:3000/_next/static/chunks/node_modules_next_dist_f3530cac._.js:2297
[ 2811615ms] [LOG] [Fast Refresh] rebuilding @ http://localhost:3000/_next/static/chunks/node_modules_next_dist_f3530cac._.js:2297
[ 2811647ms] [LOG] [Fast Refresh] done in 98ms @ http://localhost:3000/_next/static/chunks/node_modules_next_dist_f3530cac._.js:2297
